2001.10.05 17:23 B D:\UDA\src\LIB\BlockFile.cpp <-- uda1 /home/uda1/src/LIB BlockFile.cpp
2001.10.05 17:23 B D:\UDA\src\LIB\BlockFile.cpp.010721 <-- uda1 /home/uda1/src/LIB BlockFile.cpp.010721
2001.10.05 17:23 B D:\UDA\src\LIB\BlockFile.cpp.org <-- uda1 /home/uda1/src/LIB BlockFile.cpp.org
2001.10.05 17:23 B D:\UDA\src\LIB\CommCfgFile.cpp <-- uda1 /home/uda1/src/LIB CommCfgFile.cpp
2001.10.05 17:23 B D:\UDA\src\LIB\ConfigLog.cpp <-- uda1 /home/uda1/src/LIB ConfigLog.cpp
2001.10.05 17:23 B D:\UDA\src\LIB\CSemHandler.cpp <-- uda1 /home/uda1/src/LIB CSemHandler.cpp
2001.10.05 17:23 B D:\UDA\src\LIB\CTrapDbLib.cpp <-- uda1 /home/uda1/src/LIB CTrapDbLib.cpp
2001.10.05 17:23 B D:\UDA\src\LIB\CTrapDbLib.pc <-- uda1 /home/uda1/src/LIB CTrapDbLib.pc
2001.10.05 17:23 B D:\UDA\src\LIB\CustHist.pc <-- uda1 /home/uda1/src/LIB CustHist.pc
2001.10.05 17:23 B D:\UDA\src\LIB\ErrorLog.pc <-- uda1 /home/uda1/src/LIB ErrorLog.pc
2001.10.05 17:23 B D:\UDA\src\LIB\FileLogWrite.cpp <-- uda1 /home/uda1/src/LIB FileLogWrite.cpp
2001.10.05 17:23 B D:\UDA\src\LIB\HandleOfAllocIndex.cpp <-- uda1 /home/uda1/src/LIB HandleOfAllocIndex.cpp
2001.10.05 17:23 B D:\UDA\src\LIB\HandleOfAllocIndex_64.cpp <-- uda1 /home/uda1/src/LIB HandleOfAllocIndex_64.cpp
2001.10.05 17:23 B D:\UDA\src\LIB\HandleOfAllocIndex_new.cpp <-- uda1 /home/uda1/src/LIB HandleOfAllocIndex_new.cpp
2001.10.05 17:23 B D:\UDA\src\LIB\HandleOfAllocIndex_new.cpp.20010502 <-- uda1 /home/uda1/src/LIB HandleOfAllocIndex_new.cpp.20010502
2001.10.05 17:23 B D:\UDA\src\LIB\LogManage.pc <-- uda1 /home/uda1/src/LIB LogManage.pc
2001.10.05 17:23 B D:\UDA\src\LIB\LogManageSM.cpp <-- uda1 /home/uda1/src/LIB LogManageSM.cpp
2001.10.05 17:23 B D:\UDA\src\LIB\LogManageSM.cpp.20010509 <-- uda1 /home/uda1/src/LIB LogManageSM.cpp.20010509
2001.10.05 17:23 B D:\UDA\src\LIB\logmessage.cpp <-- uda1 /home/uda1/src/LIB logmessage.cpp
2001.10.05 17:23 B D:\UDA\src\LIB\LogTrapHandle.cpp <-- uda1 /home/uda1/src/LIB LogTrapHandle.cpp
2001.10.05 17:23 B D:\UDA\src\LIB\LogTrapHandle.pc <-- uda1 /home/uda1/src/LIB LogTrapHandle.pc
2001.10.05 17:23 B D:\UDA\src\LIB\Makefile <-- uda1 /home/uda1/src/LIB Makefile
2001.10.05 17:23 B D:\UDA\src\LIB\Makefile.64 <-- uda1 /home/uda1/src/LIB Makefile.64
2001.10.05 17:23 B D:\UDA\src\LIB\Makefile.test <-- uda1 /home/uda1/src/LIB Makefile.test
2001.10.05 17:23 B D:\UDA\src\LIB\MdbMan.hpp <-- uda1 /home/uda1/src/LIB MdbMan.hpp
2001.10.05 17:23 B D:\UDA\src\LIB\MqInfo.cpp <-- uda1 /home/uda1/src/LIB MqInfo.cpp
2001.10.05 17:23 B D:\UDA\src\LIB\MqInfo_file.cpp <-- uda1 /home/uda1/src/LIB MqInfo_file.cpp
2001.10.05 17:23 B D:\UDA\src\LIB\MsgFormat.cpp <-- uda1 /home/uda1/src/LIB MsgFormat.cpp
2001.10.05 17:23 B D:\UDA\src\LIB\MsgFormat.cpp.org <-- uda1 /home/uda1/src/LIB MsgFormat.cpp.org
2001.10.05 17:23 B D:\UDA\src\LIB\MsgFormat.cpp.time <-- uda1 /home/uda1/src/LIB MsgFormat.cpp.time
2001.10.05 17:23 B D:\UDA\src\LIB\ObservHst.pc <-- uda1 /home/uda1/src/LIB ObservHst.pc
2001.10.05 17:23 B D:\UDA\src\LIB\PMS.out <-- uda1 /home/uda1/src/LIB PMS.out
2001.10.05 17:23 B D:\UDA\src\LIB\ProcEventHst.pc <-- uda1 /home/uda1/src/LIB ProcEventHst.pc
2001.10.05 17:23 B D:\UDA\src\LIB\RecvLogManage.cpp <-- uda1 /home/uda1/src/LIB RecvLogManage.cpp
2001.10.05 17:23 B D:\UDA\src\LIB\SendLogManage.cpp <-- uda1 /home/uda1/src/LIB SendLogManage.cpp
2001.10.05 17:23 B D:\UDA\src\LIB\SendLogManage.cpp.20001123 <-- uda1 /home/uda1/src/LIB SendLogManage.cpp.20001123
2001.10.05 17:23 B D:\UDA\src\LIB\SendLogManage.cpp.20001206 <-- uda1 /home/uda1/src/LIB SendLogManage.cpp.20001206
2001.10.05 17:23 B D:\UDA\src\LIB\SendLogManage.cpp.20010509 <-- uda1 /home/uda1/src/LIB SendLogManage.cpp.20010509
2001.10.05 17:23 B D:\UDA\src\LIB\SendLogManage.cpp.20010607 <-- uda1 /home/uda1/src/LIB SendLogManage.cpp.20010607
2001.10.05 17:23 B D:\UDA\src\LIB\SendLogManage.cpp.org <-- uda1 /home/uda1/src/LIB SendLogManage.cpp.org
2001.10.05 17:23 B D:\UDA\src\LIB\SendLogManage.cpp.time <-- uda1 /home/uda1/src/LIB SendLogManage.cpp.time
2001.10.05 17:23 B D:\UDA\src\LIB\SharedMem.cpp <-- uda1 /home/uda1/src/LIB SharedMem.cpp
2001.10.05 17:23 B D:\UDA\src\LIB\SharedMemLegacy.cpp <-- uda1 /home/uda1/src/LIB SharedMemLegacy.cpp
2001.10.05 17:23 B D:\UDA\src\LIB\SharedMemLegacy_64.cpp <-- uda1 /home/uda1/src/LIB SharedMemLegacy_64.cpp
2001.10.05 17:23 B D:\UDA\src\LIB\ShmInfo.pc <-- uda1 /home/uda1/src/LIB ShmInfo.pc
2001.10.05 17:23 B D:\UDA\src\LIB\SqlCommon.cpp <-- uda1 /home/uda1/src/LIB SqlCommon.cpp
2001.10.05 17:23 B D:\UDA\src\LIB\SqlCommon.pc <-- uda1 /home/uda1/src/LIB SqlCommon.pc
2001.10.05 17:23 B D:\UDA\src\LIB\SqlErr.cpp <-- uda1 /home/uda1/src/LIB SqlErr.cpp
2001.10.05 17:23 B D:\UDA\src\LIB\SqlErr.pc <-- uda1 /home/uda1/src/LIB SqlErr.pc
2001.10.05 17:23 B D:\UDA\src\LIB\t_trap_info.cpp <-- uda1 /home/uda1/src/LIB t_trap_info.cpp
2001.10.05 17:23 B D:\UDA\src\LIB\t_trap_info.pc <-- uda1 /home/uda1/src/LIB t_trap_info.pc
2001.10.05 17:24 B D:\UDA\src\LIB\tags <-- uda1 /home/uda1/src/LIB tags
2001.10.05 17:24 B D:\UDA\src\LIB\TempMsgQ.cpp <-- uda1 /home/uda1/src/LIB TempMsgQ.cpp
2001.10.05 17:24 B D:\UDA\src\LIB\time.cpp <-- uda1 /home/uda1/src/LIB time.cpp
2001.10.05 17:24 B D:\UDA\src\LIB\udr.cpp <-- uda1 /home/uda1/src/LIB udr.cpp
2001.10.05 17:24 B D:\UDA\src\LIB\UdrBds.cpp <-- uda1 /home/uda1/src/LIB UdrBds.cpp
