2001.10.05 17:44 B D:\UDA\src\SCP\lucent\ama\ama_c.tar <-- uda1 /home/uda1/src/SCP/lucent/ama ama_c.tar
2001.10.05 17:44 B D:\UDA\src\SCP\lucent\ama\amatps_api.h <-- uda1 /home/uda1/src/SCP/lucent/ama amatps_api.h
2001.10.05 17:44 B D:\UDA\src\SCP\lucent\ama\env_uda.mk <-- uda1 /home/uda1/src/SCP/lucent/ama env_uda.mk
2001.10.05 17:44 B D:\UDA\src\SCP\lucent\ama\fhdrp.dat.0.1326 <-- uda1 /home/uda1/src/SCP/lucent/ama fhdrp.dat.0.1326
2001.10.05 17:44 B D:\UDA\src\SCP\lucent\ama\fhdrp.dat.0.2111 <-- uda1 /home/uda1/src/SCP/lucent/ama fhdrp.dat.0.2111
2001.10.05 17:44 B D:\UDA\src\SCP\lucent\ama\fhdrp.dat.0.2152 <-- uda1 /home/uda1/src/SCP/lucent/ama fhdrp.dat.0.2152
2001.10.05 17:44 B D:\UDA\src\SCP\lucent\ama\fhdrs.dat.0 <-- uda1 /home/uda1/src/SCP/lucent/ama fhdrs.dat.0
2001.10.05 17:44 B D:\UDA\src\SCP\lucent\ama\fhdrs.dat.1 <-- uda1 /home/uda1/src/SCP/lucent/ama fhdrs.dat.1
2001.10.05 17:44 B D:\UDA\src\SCP\lucent\ama\lrun <-- uda1 /home/uda1/src/SCP/lucent/ama lrun
2001.10.05 17:44 B D:\UDA\src\SCP\lucent\ama\lu.log.20001130 <-- uda1 /home/uda1/src/SCP/lucent/ama lu.log.20001130
2001.10.05 17:44 B D:\UDA\src\SCP\lucent\ama\lu.log.20001201 <-- uda1 /home/uda1/src/SCP/lucent/ama lu.log.20001201
2001.10.05 17:44 B D:\UDA\src\SCP\lucent\ama\lucent_if.cpp <-- uda1 /home/uda1/src/SCP/lucent/ama lucent_if.cpp
2001.10.05 17:44 B D:\UDA\src\SCP\lucent\ama\lucent_if.hpp <-- uda1 /home/uda1/src/SCP/lucent/ama lucent_if.hpp
2001.10.05 17:44 B D:\UDA\src\SCP\lucent\ama\lucent_if.o <-- uda1 /home/uda1/src/SCP/lucent/ama lucent_if.o
2001.10.05 17:44 B D:\UDA\src\SCP\lucent\ama\lucent_ifs.cpp <-- uda1 /home/uda1/src/SCP/lucent/ama lucent_ifs.cpp
2001.10.05 17:44 B D:\UDA\src\SCP\lucent\ama\lucentif <-- uda1 /home/uda1/src/SCP/lucent/ama lucentif
2001.10.05 17:44 B D:\UDA\src\SCP\lucent\ama\lucentif_s <-- uda1 /home/uda1/src/SCP/lucent/ama lucentif_s
2001.10.05 17:44 B D:\UDA\src\SCP\lucent\ama\Makefile <-- uda1 /home/uda1/src/SCP/lucent/ama Makefile
2001.10.05 17:44 B D:\UDA\src\SCP\lucent\ama\Makefile_S <-- uda1 /home/uda1/src/SCP/lucent/ama Makefile_S
2001.10.05 17:44 B D:\UDA\src\SCP\lucent\ama\mkcli.d <-- uda1 /home/uda1/src/SCP/lucent/ama mkcli.d
2001.10.05 17:44 B D:\UDA\src\SCP\lucent\ama\mkcli.ds <-- uda1 /home/uda1/src/SCP/lucent/ama mkcli.ds
