2001.10.05 17:16 A D:\UDA\src\AAD\SRC\a.out <-- uda1 /home/uda1/src/AAD/SRC a.out
2001.10.05 17:16 A D:\UDA\src\AAD\SRC\AADMain <-- uda1 /home/uda1/src/AAD/SRC AADMain
2001.10.05 17:16 A D:\UDA\src\AAD\SRC\AADMain.20010718 <-- uda1 /home/uda1/src/AAD/SRC AADMain.20010718
2001.10.05 17:16 A D:\UDA\src\AAD\SRC\AADMain.cpp <-- uda1 /home/uda1/src/AAD/SRC AADMain.cpp
2001.10.05 17:16 A D:\UDA\src\AAD\SRC\AADMain.o <-- uda1 /home/uda1/src/AAD/SRC AADMain.o
2001.10.05 17:16 A D:\UDA\src\AAD\SRC\AADMainTest <-- uda1 /home/uda1/src/AAD/SRC AADMainTest
2001.10.05 17:16 A D:\UDA\src\AAD\SRC\AADMainTest.cpp <-- uda1 /home/uda1/src/AAD/SRC AADMainTest.cpp
2001.10.05 17:16 A D:\UDA\src\AAD\SRC\AbnormalAcctDetector.cpp <-- uda1 /home/uda1/src/AAD/SRC AbnormalAcctDetector.cpp
2001.10.05 17:16 A D:\UDA\src\AAD\SRC\AbnormalAcctDetector.o <-- uda1 /home/uda1/src/AAD/SRC AbnormalAcctDetector.o
2001.10.05 17:16 A D:\UDA\src\AAD\SRC\BDRManager.cpp <-- uda1 /home/uda1/src/AAD/SRC BDRManager.cpp
2001.10.05 17:16 A D:\UDA\src\AAD\SRC\BDRManager.o <-- uda1 /home/uda1/src/AAD/SRC BDRManager.o
2001.10.05 17:16 A D:\UDA\src\AAD\SRC\CTime.cpp <-- uda1 /home/uda1/src/AAD/SRC CTime.cpp
2001.10.05 17:16 A D:\UDA\src\AAD\SRC\CTime.o <-- uda1 /home/uda1/src/AAD/SRC CTime.o
2001.10.05 17:16 A D:\UDA\src\AAD\SRC\Makefile <-- uda1 /home/uda1/src/AAD/SRC Makefile
2001.10.05 17:16 A D:\UDA\src\AAD\SRC\Makefile.tst <-- uda1 /home/uda1/src/AAD/SRC Makefile.tst
2001.10.05 17:16 A D:\UDA\src\AAD\SRC\sig.cpp <-- uda1 /home/uda1/src/AAD/SRC sig.cpp
2001.10.05 17:16 A D:\UDA\src\AAD\SRC\str.cpp <-- uda1 /home/uda1/src/AAD/SRC str.cpp
2001.10.05 17:16 A D:\UDA\src\AAD\SRC\timetest.cpp <-- uda1 /home/uda1/src/AAD/SRC timetest.cpp
2001.10.05 17:16 A D:\UDA\src\AAD\SRC\UdrBds.cpp <-- uda1 /home/uda1/src/AAD/SRC UdrBds.cpp
2001.10.05 17:16 A D:\UDA\src\AAD\SRC\UdrBds.o <-- uda1 /home/uda1/src/AAD/SRC UdrBds.o
2001.10.05 17:16 A D:\UDA\src\AAD\SRC\UDRManager.cpp <-- uda1 /home/uda1/src/AAD/SRC UDRManager.cpp
2001.10.05 17:16 A D:\UDA\src\AAD\SRC\UDRManager.o <-- uda1 /home/uda1/src/AAD/SRC UDRManager.o
