2001.10.05 17:36 B D:\UDA\src\REF\SRC\11RFC00log.20010406 <-- uda1 /home/uda1/src/REF/SRC 11RFC00log.20010406
2001.10.05 17:36 B D:\UDA\src\REF\SRC\collectorRule.cpp <-- uda1 /home/uda1/src/REF/SRC collectorRule.cpp
2001.10.05 17:36 B D:\UDA\src\REF\SRC\ConfigCTRL.hpp <-- uda1 /home/uda1/src/REF/SRC ConfigCTRL.hpp
2001.10.05 17:36 B D:\UDA\src\REF\SRC\convReFormat.cpp <-- uda1 /home/uda1/src/REF/SRC convReFormat.cpp
2001.10.05 17:36 B D:\UDA\src\REF\SRC\dblib.cpp <-- uda1 /home/uda1/src/REF/SRC dblib.cpp
2001.10.05 17:36 B D:\UDA\src\REF\SRC\dblib.pc <-- uda1 /home/uda1/src/REF/SRC dblib.pc
2001.10.05 17:36 B D:\UDA\src\REF\SRC\FileLogWrite.cpp <-- uda1 /home/uda1/src/REF/SRC FileLogWrite.cpp
2001.10.05 17:36 B D:\UDA\src\REF\SRC\headermanager.cpp <-- uda1 /home/uda1/src/REF/SRC headermanager.cpp
2001.10.05 17:36 B D:\UDA\src\REF\SRC\headermanager.pc <-- uda1 /home/uda1/src/REF/SRC headermanager.pc
2001.10.05 17:36 B D:\UDA\src\REF\SRC\hexdump <-- uda1 /home/uda1/src/REF/SRC hexdump
2001.10.05 17:36 B D:\UDA\src\REF\SRC\hexdump.cpp <-- uda1 /home/uda1/src/REF/SRC hexdump.cpp
2001.10.05 17:36 B D:\UDA\src\REF\SRC\Makefile <-- uda1 /home/uda1/src/REF/SRC Makefile
2001.10.05 17:36 B D:\UDA\src\REF\SRC\Makefile.DROP <-- uda1 /home/uda1/src/REF/SRC Makefile.DROP
2001.10.05 17:36 B D:\UDA\src\REF\SRC\Makefile.MIN <-- uda1 /home/uda1/src/REF/SRC Makefile.MIN
2001.10.05 17:36 B D:\UDA\src\REF\SRC\Makefile.NUM <-- uda1 /home/uda1/src/REF/SRC Makefile.NUM
2001.10.05 17:36 B D:\UDA\src\REF\SRC\Makefile.T <-- uda1 /home/uda1/src/REF/SRC Makefile.T
2001.10.05 17:36 B D:\UDA\src\REF\SRC\Makefile.test <-- uda1 /home/uda1/src/REF/SRC Makefile.test
2001.10.05 17:36 B D:\UDA\src\REF\SRC\mk.drop <-- uda1 /home/uda1/src/REF/SRC mk.drop
2001.10.05 17:36 B D:\UDA\src\REF\SRC\pdsnRule.cpp <-- uda1 /home/uda1/src/REF/SRC pdsnRule.cpp
2001.10.05 17:36 B D:\UDA\src\REF\SRC\pdsnRule_drop.cpp <-- uda1 /home/uda1/src/REF/SRC pdsnRule_drop.cpp
2001.10.05 17:36 B D:\UDA\src\REF\SRC\pdsnRulemin.cpp <-- uda1 /home/uda1/src/REF/SRC pdsnRulemin.cpp
2001.10.05 17:36 B D:\UDA\src\REF\SRC\pdsnRulenum.cpp <-- uda1 /home/uda1/src/REF/SRC pdsnRulenum.cpp
2001.10.05 17:36 B D:\UDA\src\REF\SRC\RefFunc.pc <-- uda1 /home/uda1/src/REF/SRC RefFunc.pc
2001.10.05 17:36 B D:\UDA\src\REF\SRC\RefMain.cpp <-- uda1 /home/uda1/src/REF/SRC RefMain.cpp
2001.10.05 17:36 B D:\UDA\src\REF\SRC\RefMain.pc <-- uda1 /home/uda1/src/REF/SRC RefMain.pc
2001.10.05 17:36 B D:\UDA\src\REF\SRC\RefMain.pc.org <-- uda1 /home/uda1/src/REF/SRC RefMain.pc.org
2001.10.05 17:36 B D:\UDA\src\REF\SRC\RefMain_Drop <-- uda1 /home/uda1/src/REF/SRC RefMain_Drop
2001.10.05 17:36 B D:\UDA\src\REF\SRC\RefMainMin <-- uda1 /home/uda1/src/REF/SRC RefMainMin
2001.10.05 17:36 B D:\UDA\src\REF\SRC\RefMainNum <-- uda1 /home/uda1/src/REF/SRC RefMainNum
2001.10.05 17:36 B D:\UDA\src\REF\SRC\RefMainT <-- uda1 /home/uda1/src/REF/SRC RefMainT
2001.10.05 17:36 B D:\UDA\src\REF\SRC\RefMainTest.cpp <-- uda1 /home/uda1/src/REF/SRC RefMainTest.cpp
2001.10.05 17:36 B D:\UDA\src\REF\SRC\refmanager.cpp <-- uda1 /home/uda1/src/REF/SRC refmanager.cpp
2001.10.05 17:36 B D:\UDA\src\REF\SRC\refmanager.pc <-- uda1 /home/uda1/src/REF/SRC refmanager.pc
2001.10.05 17:36 B D:\UDA\src\REF\SRC\SqlErr.cpp <-- uda1 /home/uda1/src/REF/SRC SqlErr.cpp
2001.10.05 17:36 B D:\UDA\src\REF\SRC\SqlErr.pc <-- uda1 /home/uda1/src/REF/SRC SqlErr.pc
2001.10.05 17:36 B D:\UDA\src\REF\SRC\t_017pdsn_out.cpp <-- uda1 /home/uda1/src/REF/SRC t_017pdsn_out.cpp
2001.10.05 17:36 B D:\UDA\src\REF\SRC\t_017pdsn_out.pc <-- uda1 /home/uda1/src/REF/SRC t_017pdsn_out.pc
2001.10.05 17:37 B D:\UDA\src\REF\SRC\t_meta_action.cpp <-- uda1 /home/uda1/src/REF/SRC t_meta_action.cpp
2001.10.05 17:37 B D:\UDA\src\REF\SRC\t_meta_action.pc <-- uda1 /home/uda1/src/REF/SRC t_meta_action.pc
2001.10.05 17:37 B D:\UDA\src\REF\SRC\UDR017.txt <-- uda1 /home/uda1/src/REF/SRC UDR017.txt
