2001.10.05 17:44 B D:\UDA\src\SCP\pdsn\CSnmpAcctServ.hpp <-- uda1 /home/uda1/src/SCP/pdsn CSnmpAcctServ.hpp
2001.10.05 17:44 B D:\UDA\src\SCP\pdsn\CSnmpSvr.hpp <-- uda1 /home/uda1/src/SCP/pdsn CSnmpSvr.hpp
2001.10.05 17:44 B D:\UDA\src\SCP\pdsn\hexdump.h <-- uda1 /home/uda1/src/SCP/pdsn hexdump.h
2001.10.05 17:44 B D:\UDA\src\SCP\pdsn\log.1122 <-- uda1 /home/uda1/src/SCP/pdsn log.1122
2001.10.05 17:44 B D:\UDA\src\SCP\pdsn\Makefile <-- uda1 /home/uda1/src/SCP/pdsn Makefile
2001.10.05 17:44 B D:\UDA\src\SCP\pdsn\Makefile_fp <-- uda1 /home/uda1/src/SCP/pdsn Makefile_fp
2001.10.05 17:44 B D:\UDA\src\SCP\pdsn\md5.hpp <-- uda1 /home/uda1/src/SCP/pdsn md5.hpp
2001.10.05 17:44 B D:\UDA\src\SCP\pdsn\mem_client.hpp <-- uda1 /home/uda1/src/SCP/pdsn mem_client.hpp
2001.10.05 17:44 B D:\UDA\src\SCP\pdsn\mk.d <-- uda1 /home/uda1/src/SCP/pdsn mk.d
2001.10.05 17:45 B D:\UDA\src\SCP\pdsn\pdsn0425.tar <-- uda1 /home/uda1/src/SCP/pdsn pdsn0425.tar
2001.10.05 17:45 B D:\UDA\src\SCP\pdsn\pdsn_if <-- uda1 /home/uda1/src/SCP/pdsn pdsn_if
2001.10.05 17:45 B D:\UDA\src\SCP\pdsn\pdsn_if.cpp <-- uda1 /home/uda1/src/SCP/pdsn pdsn_if.cpp
2001.10.05 17:45 B D:\UDA\src\SCP\pdsn\pdsn_if.cpp.20001214 <-- uda1 /home/uda1/src/SCP/pdsn pdsn_if.cpp.20001214
2001.10.05 17:45 B D:\UDA\src\SCP\pdsn\pdsn_if.cpp.20010131 <-- uda1 /home/uda1/src/SCP/pdsn pdsn_if.cpp.20010131
2001.10.05 17:45 B D:\UDA\src\SCP\pdsn\pdsn_if.cpp.20010420 <-- uda1 /home/uda1/src/SCP/pdsn pdsn_if.cpp.20010420
2001.10.05 17:45 B D:\UDA\src\SCP\pdsn\pdsn_if.cpp.20010503 <-- uda1 /home/uda1/src/SCP/pdsn pdsn_if.cpp.20010503
2001.10.05 17:45 B D:\UDA\src\SCP\pdsn\pdsn_if.cpp.20010524 <-- uda1 /home/uda1/src/SCP/pdsn pdsn_if.cpp.20010524
2001.10.05 17:45 B D:\UDA\src\SCP\pdsn\pdsn_if.cpp.20010525 <-- uda1 /home/uda1/src/SCP/pdsn pdsn_if.cpp.20010525
2001.10.05 17:45 B D:\UDA\src\SCP\pdsn\pdsn_if.hpp <-- uda1 /home/uda1/src/SCP/pdsn pdsn_if.hpp
2001.10.05 17:45 B D:\UDA\src\SCP\pdsn\pdsn_if.hpp.20001214 <-- uda1 /home/uda1/src/SCP/pdsn pdsn_if.hpp.20001214
2001.10.05 17:45 B D:\UDA\src\SCP\pdsn\pdsn_if_fp.cpp <-- uda1 /home/uda1/src/SCP/pdsn pdsn_if_fp.cpp
2001.10.05 17:45 B D:\UDA\src\SCP\pdsn\pdsnif_fp <-- uda1 /home/uda1/src/SCP/pdsn pdsnif_fp
2001.10.05 17:45 B D:\UDA\src\SCP\pdsn\prun <-- uda1 /home/uda1/src/SCP/pdsn prun
2001.10.05 17:45 B D:\UDA\src\SCP\pdsn\prun_fp <-- uda1 /home/uda1/src/SCP/pdsn prun_fp
2001.10.05 17:45 B D:\UDA\src\SCP\pdsn\radius.dat <-- uda1 /home/uda1/src/SCP/pdsn radius.dat
