2001.10.05 17:48 B D:\UDA\src\SCP\hexdump.h <-- uda1 /home/uda1/src/SCP hexdump.h
2001.10.05 17:48 B D:\UDA\src\SCP\Makefile <-- uda1 /home/uda1/src/SCP Makefile
2001.10.05 17:48 B D:\UDA\src\SCP\Makefile_R <-- uda1 /home/uda1/src/SCP Makefile_R
2001.10.05 17:48 B D:\UDA\src\SCP\mkcli.d <-- uda1 /home/uda1/src/SCP mkcli.d
2001.10.05 17:48 B D:\UDA\src\SCP\mkcli.dr <-- uda1 /home/uda1/src/SCP mkcli.dr
2001.10.05 17:48 B D:\UDA\src\SCP\Schannel_IF.hpp <-- uda1 /home/uda1/src/SCP Schannel_IF.hpp
2001.10.05 17:48 B D:\UDA\src\SCP\scp.20010219.tar <-- uda1 /home/uda1/src/SCP scp.20010219.tar
2001.10.05 17:48 B D:\UDA\src\SCP\scp_msg.hpp <-- uda1 /home/uda1/src/SCP scp_msg.hpp
2001.10.05 17:48 B D:\UDA\src\SCP\scp_msg.hpp.20001211 <-- uda1 /home/uda1/src/SCP scp_msg.hpp.20001211
2001.10.05 17:48 B D:\UDA\src\SCP\scp_msg.hpp.20001221 <-- uda1 /home/uda1/src/SCP scp_msg.hpp.20001221
2001.10.05 17:48 B D:\UDA\src\SCP\scp_r <-- uda1 /home/uda1/src/SCP scp_r
2001.10.05 17:48 B D:\UDA\src\SCP\scp_s <-- uda1 /home/uda1/src/SCP scp_s
2001.10.05 17:49 B D:\UDA\src\SCP\scpif_20001121.tar <-- uda1 /home/uda1/src/SCP scpif_20001121.tar
2001.10.05 17:49 B D:\UDA\src\SCP\scpif_r.cpp <-- uda1 /home/uda1/src/SCP scpif_r.cpp
2001.10.05 17:49 B D:\UDA\src\SCP\scpif_s <-- uda1 /home/uda1/src/SCP scpif_s
2001.10.05 17:49 B D:\UDA\src\SCP\scpif_s.cpp <-- uda1 /home/uda1/src/SCP scpif_s.cpp
2001.10.05 17:49 B D:\UDA\src\SCP\SRchannel_IF.hpp <-- uda1 /home/uda1/src/SCP SRchannel_IF.hpp
2001.10.05 17:49 B D:\UDA\src\SCP\TReqScp.cpp <-- uda1 /home/uda1/src/SCP TReqScp.cpp
2001.10.05 17:49 B D:\UDA\src\SCP\TReqScp.hpp <-- uda1 /home/uda1/src/SCP TReqScp.hpp
2001.10.05 17:49 B D:\UDA\src\SCP\TReqScp.pc <-- uda1 /home/uda1/src/SCP TReqScp.pc
