******* proc_remark = 0
 LogManageSM::LogSMinit(void) : 
[FETCH] t_log_manage sqlcode : 0
[FETCH] t_log_manage sqlcode : 0
[LogN*recSize] : 1 | 72
[FETCH] t_log_manage sqlcode : 0
[LogN*recSize] : 2 | 144
[FETCH] t_log_manage sqlcode : 0
[LogN*recSize] : 3 | 216
[FETCH] t_log_manage sqlcode : 0
[LogN*recSize] : 4 | 288
[FETCH] t_log_manage sqlcode : 0
[LogN*recSize] : 5 | 360
[FETCH] t_log_manage sqlcode : 0
[LogN*recSize] : 6 | 432
[FETCH] t_log_manage sqlcode : 0
[LogN*recSize] : 7 | 504
[FETCH] t_log_manage sqlcode : 0
[LogN*recSize] : 8 | 576
[FETCH] t_log_manage sqlcode : 0
[LogN*recSize] : 9 | 648
[FETCH] t_log_manage sqlcode : 0
[LogN*recSize] : 10 | 720
[FETCH] t_log_manage sqlcode : 0
[LogN*recSize] : 11 | 792
[FETCH] t_log_manage sqlcode : 0
[LogN*recSize] : 12 | 864
[FETCH] t_log_manage sqlcode : 0
[LogN*recSize] : 13 | 936
[FETCH] t_log_manage sqlcode : 0
[LogN*recSize] : 14 | 1008
[FETCH] t_log_manage sqlcode : 0
[LogN*recSize] : 15 | 1080
[FETCH] t_log_manage sqlcode : 0
[LogN*recSize] : 16 | 1152
[FETCH] t_log_manage sqlcode : 0
[LogN*recSize] : 17 | 1224
[FETCH] t_log_manage sqlcode : 0
[LogN*recSize] : 18 | 1296
[FETCH] t_log_manage sqlcode : 0
[LogN*recSize] : 19 | 1368
[FETCH] t_log_manage sqlcode : 0
[LogN*recSize] : 20 | 1440
[FETCH] t_log_manage sqlcode : 0
[LogN*recSize] : 21 | 1512
[FETCH] t_log_manage sqlcode : 0
[LogN*recSize] : 22 | 1584
[FETCH] t_log_manage sqlcode : 0
[LogN*recSize] : 23 | 1656
[FETCH] t_log_manage sqlcode : 0
[LogN*recSize] : 24 | 1728
[FETCH] t_log_manage sqlcode : 0
[LogN*recSize] : 25 | 1800
[FETCH] t_log_manage sqlcode : 0
[LogN*recSize] : 26 | 1872
[FETCH] t_log_manage sqlcode : 0
[LogN*recSize] : 27 | 1944
[FETCH] t_log_manage sqlcode : 0
[LogN*recSize] : 28 | 2016
[FETCH] t_log_manage sqlcode : 0
[LogN*recSize] : 29 | 2088
[FETCH] t_log_manage sqlcode : 0
[LogN*recSize] : 30 | 2160
[FETCH] t_log_manage sqlcode : 0
[LogN*recSize] : 31 | 2232
[FETCH] t_log_manage sqlcode : 0
[LogN*recSize] : 32 | 2304
[FETCH] t_log_manage sqlcode : 0
[LogN*recSize] : 33 | 2376
[FETCH] t_log_manage sqlcode : 0
[LogN*recSize] : 34 | 2448
[FETCH] t_log_manage sqlcode : 0
[LogN*recSize] : 35 | 2520
[FETCH] t_log_manage sqlcode : 0
[LogN*recSize] : 36 | 2592
[FETCH] t_log_manage sqlcode : 0
[LogN*recSize] : 37 | 2664
[FETCH] t_log_manage sqlcode : 0
[LogN*recSize] : 38 | 2736
[FETCH] t_log_manage sqlcode : 0
[LogN*recSize] : 39 | 2808
[FETCH] t_log_manage sqlcode : 0
[LogN*recSize] : 40 | 2880
[FETCH] t_log_manage sqlcode : 0
[LogN*recSize] : 41 | 2952
[FETCH] t_log_manage sqlcode : 0
[LogN*recSize] : 42 | 3024
[FETCH] t_log_manage sqlcode : 0
[LogN*recSize] : 43 | 3096
[FETCH] t_log_manage sqlcode : 0
[LogN*recSize] : 44 | 3168
[FETCH] t_log_manage sqlcode : 0
[LogN*recSize] : 45 | 3240
[FETCH] t_log_manage sqlcode : 0
[LogN*recSize] : 46 | 3312
[FETCH] t_log_manage sqlcode : 0
[LogN*recSize] : 47 | 3384
[FETCH] t_log_manage sqlcode : 0
[LogN*recSize] : 48 | 3456
[FETCH] t_log_manage sqlcode : 0
[LogN*recSize] : 49 | 3528
[FETCH] t_log_manage sqlcode : 0
[LogN*recSize] : 50 | 3600
[FETCH] t_log_manage sqlcode : 0
[LogN*recSize] : 51 | 3672
[FETCH] t_log_manage sqlcode : 0
[LogN*recSize] : 52 | 3744
[FETCH] t_log_manage sqlcode : 0
[LogN*recSize] : 53 | 3816
[FETCH] t_log_manage sqlcode : 0
[LogN*recSize] : 54 | 3888
[FETCH] t_log_manage sqlcode : 0
[LogN*recSize] : 55 | 3960
[FETCH] t_log_manage sqlcode : 0
[LogN*recSize] : 56 | 4032
[FETCH] t_log_manage sqlcode : 0
[LogN*recSize] : 57 | 4104
[FETCH] t_log_manage sqlcode : 0
[LogN*recSize] : 58 | 4176
[FETCH] t_log_manage sqlcode : 0
[LogN*recSize] : 59 | 4248
[FETCH] t_log_manage sqlcode : 0
[LogN*recSize] : 60 | 4320
[FETCH] t_log_manage sqlcode : 0
[LogN*recSize] : 61 | 4392
[FETCH] t_log_manage sqlcode : 0
[LogN*recSize] : 62 | 4464
[FETCH] t_log_manage sqlcode : 0
[LogN*recSize] : 63 | 4536
[FETCH] t_log_manage sqlcode : 0
[LogN*recSize] : 64 | 4608
[FETCH] t_log_manage sqlcode : 0
[LogN*recSize] : 65 | 4680
[FETCH] t_log_manage sqlcode : 0
[LogN*recSize] : 66 | 4752
[FETCH] t_log_manage sqlcode : 0
[LogN*recSize] : 67 | 4824
[FETCH] t_log_manage sqlcode : 0
[LogN*recSize] : 68 | 4896
[FETCH] t_log_manage sqlcode : 0
[LogN*recSize] : 69 | 4968
[FETCH] t_log_manage sqlcode : 0
[LogN*recSize] : 70 | 5040
[FETCH] t_log_manage sqlcode : 0
[LogN*recSize] : 71 | 5112
[FETCH] t_log_manage sqlcode : 0
[LogN*recSize] : 72 | 5184
[FETCH] t_log_manage sqlcode : 0
[LogN*recSize] : 73 | 5256
[FETCH] t_log_manage sqlcode : 0
[LogN*recSize] : 74 | 5328
[FETCH] t_log_manage sqlcode : 0
[LogN*recSize] : 75 | 5400
[FETCH] t_log_manage sqlcode : 0
[LogN*recSize] : 76 | 5472
[FETCH] t_log_manage sqlcode : 1403
Q file name = [/SVC1/DATA/MQ/10110010.MQ]
get_unRecSize();    = [80]
get_unRecCount();   = [1000]
