2001.10.05 17:01 B D:\UDA\include\a.hpp <-- uda1 /home/uda1/include a.hpp
2001.10.05 17:01 B D:\UDA\include\addUdr.hpp <-- uda1 /home/uda1/include addUdr.hpp
2001.10.05 17:01 B D:\UDA\include\afiedt.buf <-- uda1 /home/uda1/include afiedt.buf
2001.10.05 17:01 B D:\UDA\include\Aggregator.hpp.1010 <-- uda1 /home/uda1/include Aggregator.hpp.1010
2001.10.05 17:01 B D:\UDA\include\Aggregator.hpp.bak <-- uda1 /home/uda1/include Aggregator.hpp.bak
2001.10.05 17:01 B D:\UDA\include\BlockFile.hpp <-- uda1 /home/uda1/include BlockFile.hpp
2001.10.05 17:01 B D:\UDA\include\BlockFile.hpp.010721 <-- uda1 /home/uda1/include BlockFile.hpp.010721
2001.10.05 17:01 B D:\UDA\include\BlockFile.hpp.org <-- uda1 /home/uda1/include BlockFile.hpp.org
2001.10.05 17:01 B D:\UDA\include\Btree.hpp <-- uda1 /home/uda1/include Btree.hpp
2001.10.05 17:01 B D:\UDA\include\Btree.hpp.1010 <-- uda1 /home/uda1/include Btree.hpp.1010
2001.10.05 17:01 B D:\UDA\include\Btree.hpp.old <-- uda1 /home/uda1/include Btree.hpp.old
2001.10.05 17:01 B D:\UDA\include\CCollector.hpp <-- uda1 /home/uda1/include CCollector.hpp
2001.10.05 17:01 B D:\UDA\include\CdsCustFormat.hpp <-- uda1 /home/uda1/include CdsCustFormat.hpp
2001.10.05 17:01 B D:\UDA\include\CommCfgFile.hpp <-- uda1 /home/uda1/include CommCfgFile.hpp
2001.10.05 17:01 B D:\UDA\include\ConfigCTRL.hpp <-- uda1 /home/uda1/include ConfigCTRL.hpp
2001.10.05 17:01 B D:\UDA\include\ConfigCTRL.hpp.010819 <-- uda1 /home/uda1/include ConfigCTRL.hpp.010819
2001.10.05 17:01 B D:\UDA\include\ConfigCTRL.hpp.org <-- uda1 /home/uda1/include ConfigCTRL.hpp.org
2001.10.05 17:02 B D:\UDA\include\ConfigCTRL.hpp.su <-- uda1 /home/uda1/include ConfigCTRL.hpp.su
2001.10.05 17:02 B D:\UDA\include\ConfigFile.hpp <-- uda1 /home/uda1/include ConfigFile.hpp
2001.10.05 17:02 B D:\UDA\include\ConfigLog.hpp <-- uda1 /home/uda1/include ConfigLog.hpp
2001.10.05 17:02 B D:\UDA\include\configMGR.hpp <-- uda1 /home/uda1/include configMGR.hpp
2001.10.05 17:02 B D:\UDA\include\CSemHandler.hpp <-- uda1 /home/uda1/include CSemHandler.hpp
2001.10.05 17:02 B D:\UDA\include\CTrapDbLib.hpp <-- uda1 /home/uda1/include CTrapDbLib.hpp
2001.10.05 17:02 B D:\UDA\include\CustHist.hpp <-- uda1 /home/uda1/include CustHist.hpp
2001.10.05 17:02 B D:\UDA\include\CustMdbMan.hpp <-- uda1 /home/uda1/include CustMdbMan.hpp
2001.10.05 17:02 B D:\UDA\include\CustMdbMan.hpp.20010502 <-- uda1 /home/uda1/include CustMdbMan.hpp.20010502
2001.10.05 17:02 B D:\UDA\include\CustMdbMan.hpp.bak <-- uda1 /home/uda1/include CustMdbMan.hpp.bak
2001.10.05 17:02 B D:\UDA\include\CustMdbMan.hpp.jjk <-- uda1 /home/uda1/include CustMdbMan.hpp.jjk
2001.10.05 17:02 B D:\UDA\include\CustMdbMan2.hpp <-- uda1 /home/uda1/include CustMdbMan2.hpp
2001.10.05 17:02 B D:\UDA\include\CustomerBtree.hpp <-- uda1 /home/uda1/include CustomerBtree.hpp
2001.10.05 17:02 B D:\UDA\include\CustomerBtree.hpp.20010502 <-- uda1 /home/uda1/include CustomerBtree.hpp.20010502
2001.10.05 17:02 B D:\UDA\include\CustomerBtree.hpp.bak <-- uda1 /home/uda1/include CustomerBtree.hpp.bak
2001.10.05 17:02 B D:\UDA\include\DataType.hpp <-- uda1 /home/uda1/include DataType.hpp
2001.10.05 17:02 B D:\UDA\include\diff.txt <-- uda1 /home/uda1/include diff.txt
2001.10.05 17:02 B D:\UDA\include\ErrorLog.hpp <-- uda1 /home/uda1/include ErrorLog.hpp
2001.10.05 17:02 B D:\UDA\include\FileLogWrite.hpp <-- uda1 /home/uda1/include FileLogWrite.hpp
2001.10.05 17:02 B D:\UDA\include\fileSearchC.hpp <-- uda1 /home/uda1/include fileSearchC.hpp
2001.10.05 17:02 B D:\UDA\include\fileSearchC.hpp.1119 <-- uda1 /home/uda1/include fileSearchC.hpp.1119
2001.10.05 17:02 B D:\UDA\include\fileSearchC.hpp.1121 <-- uda1 /home/uda1/include fileSearchC.hpp.1121
2001.10.05 17:02 B D:\UDA\include\HandleOfAllocIndex.cpp <-- uda1 /home/uda1/include HandleOfAllocIndex.cpp
2001.10.05 17:02 B D:\UDA\include\HandleOfAllocIndex.hpp <-- uda1 /home/uda1/include HandleOfAllocIndex.hpp
2001.10.05 17:02 B D:\UDA\include\HandleOfAllocIndex_64.hpp <-- uda1 /home/uda1/include HandleOfAllocIndex_64.hpp
2001.10.05 17:02 B D:\UDA\include\HandleOfAllocIndex_new.cpp <-- uda1 /home/uda1/include HandleOfAllocIndex_new.cpp
2001.10.05 17:02 B D:\UDA\include\HandleOfAllocIndex_new.hpp <-- uda1 /home/uda1/include HandleOfAllocIndex_new.hpp
2001.10.05 17:02 B D:\UDA\include\HandleOfAllocIndex_new.hpp.20010502 <-- uda1 /home/uda1/include HandleOfAllocIndex_new.hpp.20010502
2001.10.05 17:02 B D:\UDA\include\hexdump.h <-- uda1 /home/uda1/include hexdump.h
2001.10.05 17:02 B D:\UDA\include\intndefs.hpp <-- uda1 /home/uda1/include intndefs.hpp
2001.10.05 17:02 B D:\UDA\include\LimitMan.hpp <-- uda1 /home/uda1/include LimitMan.hpp
2001.10.05 17:02 B D:\UDA\include\LimitMan.hpp.20010509 <-- uda1 /home/uda1/include LimitMan.hpp.20010509
2001.10.05 17:02 B D:\UDA\include\LimitMan.hpp.bak <-- uda1 /home/uda1/include LimitMan.hpp.bak
2001.10.05 17:02 B D:\UDA\include\LimitMan.hpp.x <-- uda1 /home/uda1/include LimitMan.hpp.x
2001.10.05 17:02 B D:\UDA\include\LimitMan_0111.hpp <-- uda1 /home/uda1/include LimitMan_0111.hpp
2001.10.05 17:02 B D:\UDA\include\LogManage.hpp <-- uda1 /home/uda1/include LogManage.hpp
2001.10.05 17:02 B D:\UDA\include\LogManageSM.hpp <-- uda1 /home/uda1/include LogManageSM.hpp
2001.10.05 17:02 B D:\UDA\include\LogManageSM.hpp.20010509 <-- uda1 /home/uda1/include LogManageSM.hpp.20010509
2001.10.05 17:02 B D:\UDA\include\logmessage.h <-- uda1 /home/uda1/include logmessage.h
2001.10.05 17:02 B D:\UDA\include\LogTrapHandle.hpp <-- uda1 /home/uda1/include LogTrapHandle.hpp
2001.10.05 17:02 B D:\UDA\include\md5.hpp <-- uda1 /home/uda1/include md5.hpp
2001.10.05 17:02 B D:\UDA\include\MdbMan.hpp <-- uda1 /home/uda1/include MdbMan.hpp
2001.10.05 17:02 B D:\UDA\include\MdbMan.hpp.20010502 <-- uda1 /home/uda1/include MdbMan.hpp.20010502
2001.10.05 17:02 B D:\UDA\include\MqInfo.cpp <-- uda1 /home/uda1/include MqInfo.cpp
2001.10.05 17:02 B D:\UDA\include\MqInfo.hpp <-- uda1 /home/uda1/include MqInfo.hpp
2001.10.05 17:02 B D:\UDA\include\MqInfo_file.hpp <-- uda1 /home/uda1/include MqInfo_file.hpp
2001.10.05 17:02 B D:\UDA\include\msgBDSC.hpp <-- uda1 /home/uda1/include msgBDSC.hpp
2001.10.05 17:02 B D:\UDA\include\msgBDSC.hpp.1007 <-- uda1 /home/uda1/include msgBDSC.hpp.1007
2001.10.05 17:02 B D:\UDA\include\msgBDSC.hpp.1115 <-- uda1 /home/uda1/include msgBDSC.hpp.1115
2001.10.05 17:02 B D:\UDA\include\msgBDSC.hpp.1213 <-- uda1 /home/uda1/include msgBDSC.hpp.1213
2001.10.05 17:02 B D:\UDA\include\msgBDSC.hpp.after2M <-- uda1 /home/uda1/include msgBDSC.hpp.after2M
2001.10.05 17:02 B D:\UDA\include\msgC.hpp <-- uda1 /home/uda1/include msgC.hpp
2001.10.05 17:02 B D:\UDA\include\msgC.hpp.1028 <-- uda1 /home/uda1/include msgC.hpp.1028
2001.10.05 17:02 B D:\UDA\include\msgC.hpp.1115 <-- uda1 /home/uda1/include msgC.hpp.1115
2001.10.05 17:02 B D:\UDA\include\MsgFormat.hpp <-- uda1 /home/uda1/include MsgFormat.hpp
2001.10.05 17:02 B D:\UDA\include\MsgFormat.hpp.20001124 <-- uda1 /home/uda1/include MsgFormat.hpp.20001124
2001.10.05 17:03 B D:\UDA\include\MsgFormat.hpp.org <-- uda1 /home/uda1/include MsgFormat.hpp.org
2001.10.05 17:03 B D:\UDA\include\MsgFormat.hpp.time <-- uda1 /home/uda1/include MsgFormat.hpp.time
2001.10.05 17:03 B D:\UDA\include\node.hpp <-- uda1 /home/uda1/include node.hpp
2001.10.05 17:03 B D:\UDA\include\ObservHst.hpp <-- uda1 /home/uda1/include ObservHst.hpp
2001.10.05 17:03 B D:\UDA\include\parser.h <-- uda1 /home/uda1/include parser.h
2001.10.05 17:03 B D:\UDA\include\Parser.hpp <-- uda1 /home/uda1/include Parser.hpp
2001.10.05 17:04 B D:\UDA\include\PrintUdr.hpp <-- uda1 /home/uda1/include PrintUdr.hpp
2001.10.05 17:04 B D:\UDA\include\PrintUdr_new.hpp <-- uda1 /home/uda1/include PrintUdr_new.hpp
2001.10.05 17:04 B D:\UDA\include\ProcEventHst.hpp <-- uda1 /home/uda1/include ProcEventHst.hpp
2001.10.05 17:04 B D:\UDA\include\ProcPerform.hpp <-- uda1 /home/uda1/include ProcPerform.hpp
2001.10.05 17:04 B D:\UDA\include\ProcPerform.hpp.time <-- uda1 /home/uda1/include ProcPerform.hpp.time
2001.10.05 17:04 B D:\UDA\include\RateRule.hpp <-- uda1 /home/uda1/include RateRule.hpp
2001.10.05 17:04 B D:\UDA\include\RecvLogManage.hpp <-- uda1 /home/uda1/include RecvLogManage.hpp
2001.10.05 17:04 B D:\UDA\include\RecvLogManage.hpp.time <-- uda1 /home/uda1/include RecvLogManage.hpp.time
2001.10.05 17:04 B D:\UDA\include\reformat.hpp <-- uda1 /home/uda1/include reformat.hpp
2001.10.05 17:04 B D:\UDA\include\scpformat.hpp <-- uda1 /home/uda1/include scpformat.hpp
2001.10.05 17:04 B D:\UDA\include\scpformat.hpp.20001115 <-- uda1 /home/uda1/include scpformat.hpp.20001115
2001.10.05 17:04 B D:\UDA\include\scpformat.hpp.20001221 <-- uda1 /home/uda1/include scpformat.hpp.20001221
2001.10.05 17:04 B D:\UDA\include\scptid.hpp <-- uda1 /home/uda1/include scptid.hpp
2001.10.05 17:04 B D:\UDA\include\SendLogManage.hpp <-- uda1 /home/uda1/include SendLogManage.hpp
2001.10.05 17:04 B D:\UDA\include\SendLogManage.hpp.20001120 <-- uda1 /home/uda1/include SendLogManage.hpp.20001120
2001.10.05 17:04 B D:\UDA\include\SendLogManage.hpp.2001.0607 <-- uda1 /home/uda1/include SendLogManage.hpp.2001.0607
2001.10.05 17:04 B D:\UDA\include\SendLogManage.hpp.org <-- uda1 /home/uda1/include SendLogManage.hpp.org
2001.10.05 17:04 B D:\UDA\include\SendLogManage.hpp.time <-- uda1 /home/uda1/include SendLogManage.hpp.time
2001.10.05 17:04 B D:\UDA\include\SharedConf.hpp <-- uda1 /home/uda1/include SharedConf.hpp
2001.10.05 17:04 B D:\UDA\include\SharedMemLegacy.hpp <-- uda1 /home/uda1/include SharedMemLegacy.hpp
2001.10.05 17:04 B D:\UDA\include\ShmInfo.hpp <-- uda1 /home/uda1/include ShmInfo.hpp
2001.10.05 17:04 B D:\UDA\include\socketC.hpp <-- uda1 /home/uda1/include socketC.hpp
2001.10.05 17:04 B D:\UDA\include\socketC.hpp.1128 <-- uda1 /home/uda1/include socketC.hpp.1128
2001.10.05 17:04 B D:\UDA\include\socketC.hpp.1128.chg <-- uda1 /home/uda1/include socketC.hpp.1128.chg
2001.10.05 17:04 B D:\UDA\include\socketC.hpp.20001123 <-- uda1 /home/uda1/include socketC.hpp.20001123
2001.10.05 17:04 B D:\UDA\include\socketudpC.hpp <-- uda1 /home/uda1/include socketudpC.hpp
2001.10.05 17:04 B D:\UDA\include\socketudpC.hpp.0327 <-- uda1 /home/uda1/include socketudpC.hpp.0327
2001.10.05 17:04 B D:\UDA\include\socketudpC.hpp.20001024 <-- uda1 /home/uda1/include socketudpC.hpp.20001024
2001.10.05 17:14 A D:\UDA\include\SqlCommon.hpp <-- uda1 /home/uda1/include SqlCommon.hpp
2001.10.05 17:14 A D:\UDA\include\SqlErr.hpp <-- uda1 /home/uda1/include SqlErr.hpp
2001.10.05 17:14 A D:\UDA\include\StartDisplay.hpp <-- uda1 /home/uda1/include StartDisplay.hpp
2001.10.05 17:14 A D:\UDA\include\StatusFile.hpp <-- uda1 /home/uda1/include StatusFile.hpp
2001.10.05 17:14 A D:\UDA\include\t_trap_info.hpp <-- uda1 /home/uda1/include t_trap_info.hpp
2001.10.05 17:14 A D:\UDA\include\TempConfigData.hpp <-- uda1 /home/uda1/include TempConfigData.hpp
2001.10.05 17:14 A D:\UDA\include\TempMdData.hpp <-- uda1 /home/uda1/include TempMdData.hpp
2001.10.05 17:14 A D:\UDA\include\TempMsgQ.hpp <-- uda1 /home/uda1/include TempMsgQ.hpp
2001.10.05 17:14 A D:\UDA\include\TempMsgQ1.hpp <-- uda1 /home/uda1/include TempMsgQ1.hpp
2001.10.05 17:14 A D:\UDA\include\TempMsgQ2.hpp <-- uda1 /home/uda1/include TempMsgQ2.hpp
2001.10.05 17:14 A D:\UDA\include\TempMsgQ_file.hpp <-- uda1 /home/uda1/include TempMsgQ_file.hpp
2001.10.05 17:14 A D:\UDA\include\TempMsgQ_file.hpp.20010503 <-- uda1 /home/uda1/include TempMsgQ_file.hpp.20010503
2001.10.05 17:14 A D:\UDA\include\TempMsgQ_new.hpp <-- uda1 /home/uda1/include TempMsgQ_new.hpp
2001.10.05 17:14 A D:\UDA\include\time.hpp <-- uda1 /home/uda1/include time.hpp
2001.10.05 17:14 A D:\UDA\include\Tpl_Btree.hpp <-- uda1 /home/uda1/include Tpl_Btree.hpp
2001.10.05 17:14 A D:\UDA\include\Tpl_Btree.hpp.20010502 <-- uda1 /home/uda1/include Tpl_Btree.hpp.20010502
2001.10.05 17:14 A D:\UDA\include\Tpl_Btree2.hpp <-- uda1 /home/uda1/include Tpl_Btree2.hpp
2001.10.05 17:14 A D:\UDA\include\TransactOfAggregate.hpp <-- uda1 /home/uda1/include TransactOfAggregate.hpp
2001.10.05 17:14 A D:\UDA\include\TransactOfAggregate.hpp.1010 <-- uda1 /home/uda1/include TransactOfAggregate.hpp.1010
2001.10.05 17:14 A D:\UDA\include\TransactOfAggregate.hpp.old <-- uda1 /home/uda1/include TransactOfAggregate.hpp.old
2001.10.05 17:14 A D:\UDA\include\UDR.hpp <-- uda1 /home/uda1/include UDR.hpp
2001.10.05 17:14 A D:\UDA\include\UDR.hpp.20001020 <-- uda1 /home/uda1/include UDR.hpp.20001020
2001.10.05 17:14 A D:\UDA\include\UdrBds.hpp <-- uda1 /home/uda1/include UdrBds.hpp
